c:\drive\work\teach15\fscode\floatdata\debug\floatdata.pch
c:\drive\work\teach15\fscode\floatdata\debug\vc140.pdb
c:\drive\work\teach15\fscode\floatdata\debug\vc140.idb
c:\drive\work\teach15\fscode\floatdata\debug\stdafx.obj
c:\drive\work\teach15\fscode\floatdata\debug\floatdata.obj
c:\drive\work\teach15\fscode\floatdata\debug\floatdata.lib
c:\drive\work\teach15\fscode\floatdata\debug\floatdata.exp
c:\drive\work\teach15\fscode\floatdata\debug\floatdata.ilk
c:\drive\work\teach15\fscode\floatdata\debug\floatdata.exe
c:\drive\work\teach15\fscode\floatdata\debug\floatdata.pdb
c:\users\tomcl\desktop\projfiles\floatdata\floatdata\debug\floatdata.obj
c:\users\tomcl\desktop\projfiles\floatdata\floatdata\debug\stdafx.obj
c:\users\tomcl\desktop\projfiles\floatdata\floatdata\debug\floatdata.ilk
c:\users\tomcl\desktop\projfiles\floatdata\floatdata\debug\floatdata.pch
c:\users\tomcl\desktop\projfiles\floatdata\floatdata\debug\floatdata.exp
c:\users\tomcl\desktop\projfiles\floatdata\floatdata\debug\vc140.idb
c:\users\tomcl\desktop\projfiles\floatdata\floatdata\debug\floatdata.pdb
c:\users\tomcl\desktop\projfiles\floatdata\floatdata\debug\vc140.pdb
c:\users\tomcl\desktop\projfiles\floatdata\floatdata\debug\floatdata.exe
c:\users\tomcl\desktop\projfiles\floatdata\floatdata\debug\floatdata.tlog\cl.command.1.tlog
c:\users\tomcl\desktop\projfiles\floatdata\floatdata\debug\floatdata.tlog\cl.read.1.tlog
c:\users\tomcl\desktop\projfiles\floatdata\floatdata\debug\floatdata.tlog\cl.write.1.tlog
c:\users\tomcl\desktop\projfiles\floatdata\floatdata\debug\floatdata.tlog\floatdata.write.1u.tlog
c:\users\tomcl\desktop\projfiles\floatdata\floatdata\debug\floatdata.tlog\link.command.1.tlog
c:\users\tomcl\desktop\projfiles\floatdata\floatdata\debug\floatdata.tlog\link.read.1.tlog
c:\users\tomcl\desktop\projfiles\floatdata\floatdata\debug\floatdata.tlog\link.write.1.tlog
